<?xml version="1.0" encoding="UTF-8"?>
<!-- Generated by org.testng.reporters.JUnitReportReporter -->
<testsuite skipped="0" hostname="DESKTOP-MD2IV3J" name="com.jakartalabs.fullstack_automation.WebTests" tests="1" failures="0" timestamp="28 Feb 2021 09:26:18 GMT" time="19.649" errors="0">
  <testcase name="login" time="19.649" classname="com.jakartalabs.fullstack_automation.WebTests"/>
</testsuite> <!-- com.jakartalabs.fullstack_automation.WebTests -->
