<?xml version="1.0" encoding="UTF-8"?>
<!-- Generated by org.testng.reporters.JUnitReportReporter -->
<testsuite skipped="0" hostname="ChandanPC" name="com.jakartalabs.fullstack_automation.WebTests" tests="1" failures="0" timestamp="13 Mar 2021 09:35:11 GMT" time="45.796" errors="0">
  <testcase name="login" time="45.796" classname="com.jakartalabs.fullstack_automation.WebTests"/>
</testsuite> <!-- com.jakartalabs.fullstack_automation.WebTests -->
